[debug] [2020-12-09T09:21:13.908Z] ----------------------------------------------------------------------
[debug] [2020-12-09T09:21:13.909Z] Command:       /Users/maxchen/.nvm/versions/node/v12.18.3/bin/node /Users/maxchen/.nvm/versions/node/v12.18.3/bin/firebase serve
[debug] [2020-12-09T09:21:13.909Z] CLI Version:   8.16.2
[debug] [2020-12-09T09:21:13.909Z] Platform:      darwin
[debug] [2020-12-09T09:21:13.909Z] Node Version:  v12.18.3
[debug] [2020-12-09T09:21:13.910Z] Time:          Wed Dec 09 2020 17:21:13 GMT+0800 (Taipei Standard Time)
[debug] [2020-12-09T09:21:13.910Z] ----------------------------------------------------------------------
[debug] [2020-12-09T09:21:13.910Z] 
[debug] [2020-12-09T09:21:13.917Z] > command requires scopes: ["email","openid","https://www.googleapis.com/auth/cloudplatformprojects.readonly","https://www.googleapis.com/auth/firebase","https://www.googleapis.com/auth/cloud-platform"]
[debug] [2020-12-09T09:21:13.917Z] > authorizing via signed-in user
[debug] [2020-12-09T09:21:13.917Z] [iam] checking project secret-santa-gen for permissions ["firebase.projects.get"]
[debug] [2020-12-09T09:21:13.919Z] >>> HTTP REQUEST POST https://cloudresourcemanager.googleapis.com/v1/projects/secret-santa-gen:testIamPermissions  
 {"permissions":["firebase.projects.get"]}
[debug] [2020-12-09T09:21:14.726Z] <<< HTTP RESPONSE 200 {"content-type":"application/json; charset=UTF-8","vary":"X-Origin, Referer, Origin,Accept-Encoding","date":"Wed, 09 Dec 2020 09:21:14 GMT","server":"ESF","cache-control":"private","x-xss-protection":"0","x-frame-options":"SAMEORIGIN","x-content-type-options":"nosniff","server-timing":"gfet4t7; dur=744","alt-svc":"h3-29=\":443\"; ma=2592000,h3-T051=\":443\"; ma=2592000,h3-Q050=\":443\"; ma=2592000,h3-Q046=\":443\"; ma=2592000,h3-Q043=\":443\"; ma=2592000,quic=\":443\"; ma=2592000; v=\"46,43\"","accept-ranges":"none","transfer-encoding":"chunked"}
[debug] [2020-12-09T09:21:14.727Z] >>> HTTP REQUEST GET https://firebase.googleapis.com/v1beta1/projects/secret-santa-gen  
 
[debug] [2020-12-09T09:21:15.060Z] <<< HTTP RESPONSE 200 {"content-type":"application/json; charset=UTF-8","vary":"X-Origin, Referer, Origin,Accept-Encoding","date":"Wed, 09 Dec 2020 09:21:14 GMT","server":"ESF","cache-control":"private","x-xss-protection":"0","x-frame-options":"SAMEORIGIN","x-content-type-options":"nosniff","alt-svc":"h3-29=\":443\"; ma=2592000,h3-T051=\":443\"; ma=2592000,h3-Q050=\":443\"; ma=2592000,h3-Q046=\":443\"; ma=2592000,h3-Q043=\":443\"; ma=2592000,quic=\":443\"; ma=2592000; v=\"46,43\"","accept-ranges":"none","transfer-encoding":"chunked"}
[info] 
[info] === Serving from '/Users/maxchen/Projects/SecretSanta'...
[info] 
[debug] [2020-12-09T09:21:15.065Z] >>> HTTP REQUEST GET https://firebase.googleapis.com/v1beta1/projects/secret-santa-gen/webApps/-/config  
 
[info] ✔  functions: Using node@12 from host. {"metadata":{"emulator":{"name":"functions"},"message":"Using node@12 from host."}}
[debug] [2020-12-09T09:21:15.076Z] defaultcredentials: writing to file /Users/maxchen/.config/firebase/maxchen_sihhan_gmail.com_application_default_credentials.json
[debug] [2020-12-09T09:21:15.078Z] Setting GAC to /Users/maxchen/.config/firebase/maxchen_sihhan_gmail.com_application_default_credentials.json {"metadata":{"emulator":{"name":"functions"},"message":"Setting GAC to /Users/maxchen/.config/firebase/maxchen_sihhan_gmail.com_application_default_credentials.json"}}
[debug] [2020-12-09T09:21:16.222Z] <<< HTTP RESPONSE 200 {"content-type":"application/json; charset=UTF-8","vary":"X-Origin, Referer, Origin,Accept-Encoding","date":"Wed, 09 Dec 2020 09:21:16 GMT","server":"ESF","cache-control":"private","x-xss-protection":"0","x-frame-options":"SAMEORIGIN","x-content-type-options":"nosniff","alt-svc":"h3-29=\":443\"; ma=2592000,h3-T051=\":443\"; ma=2592000,h3-Q050=\":443\"; ma=2592000,h3-Q046=\":443\"; ma=2592000,h3-Q043=\":443\"; ma=2592000,quic=\":443\"; ma=2592000; v=\"46,43\"","accept-ranges":"none","transfer-encoding":"chunked"}
[info] i  functions: Watching "/Users/maxchen/Projects/SecretSanta/functions" for Cloud Functions... {"metadata":{"emulator":{"name":"functions"},"message":"Watching \"/Users/maxchen/Projects/SecretSanta/functions\" for Cloud Functions..."}}
[debug] [2020-12-09T09:21:16.258Z] [worker-pool] addWorker(~diagnostic~) {"metadata":{"emulator":{"name":"functions"},"message":"[worker-pool] addWorker(~diagnostic~)"}}
[debug] [2020-12-09T09:21:16.258Z] [worker-pool] Adding worker with key ~diagnostic~, total=1 {"metadata":{"emulator":{"name":"functions"},"message":"[worker-pool] Adding worker with key ~diagnostic~, total=1"}}
[debug] [2020-12-09T09:21:16.258Z] [worker-pool] submitWork(triggerId=) {"metadata":{"emulator":{"name":"functions"},"message":"[worker-pool] submitWork(triggerId=)"}}
[debug] [2020-12-09T09:21:16.258Z] [worker-~diagnostic~-a391de95-422d-4948-8c38-7ba8b6639012]: Assigning socketPath: /var/folders/kq/f2ty9_kx3hj215bh26vqht0c0000gn/T/fire_emu_15542.sock {"metadata":{"emulator":{"name":"functions"},"message":"[worker-~diagnostic~-a391de95-422d-4948-8c38-7ba8b6639012]: Assigning socketPath: /var/folders/kq/f2ty9_kx3hj215bh26vqht0c0000gn/T/fire_emu_15542.sock"}}
[debug] [2020-12-09T09:21:16.259Z] [worker-~diagnostic~-a391de95-422d-4948-8c38-7ba8b6639012]: BUSY {"metadata":{"emulator":{"name":"functions"},"message":"[worker-~diagnostic~-a391de95-422d-4948-8c38-7ba8b6639012]: BUSY"}}
[info] i  hosting: Serving hosting files from: dist/SecretSanta {"metadata":{"emulator":{"name":"hosting"},"message":"Serving hosting files from: \u001b[1mdist/SecretSanta\u001b[22m"}}
[info] ✔  hosting: Local server: http://localhost:5000 {"metadata":{"emulator":{"name":"hosting"},"message":"Local server: \u001b[4m\u001b[1mhttp://localhost:5000\u001b[22m\u001b[24m"}}
[debug] [2020-12-09T09:21:16.464Z] [runtime-status] [15542] Functions runtime initialized. {"cwd":"/Users/maxchen/Projects/SecretSanta/functions","node_version":"12.18.3"} {"metadata":{"emulator":{"name":"functions"},"message":"[runtime-status] [15542] Functions runtime initialized. {\"cwd\":\"/Users/maxchen/Projects/SecretSanta/functions\",\"node_version\":\"12.18.3\"}"}}
[debug] [2020-12-09T09:21:16.465Z] [runtime-status] [15542] Disabled runtime features: undefined {"metadata":{"emulator":{"name":"functions"},"message":"[runtime-status] [15542] Disabled runtime features: undefined"}}
[debug] [2020-12-09T09:21:16.467Z] [runtime-status] [15542] Resolved module firebase-admin {"declared":true,"installed":true,"version":"9.4.1","resolution":"/Users/maxchen/Projects/SecretSanta/functions/node_modules/firebase-admin/lib/index.js"} {"metadata":{"emulator":{"name":"functions"},"message":"[runtime-status] [15542] Resolved module firebase-admin {\"declared\":true,\"installed\":true,\"version\":\"9.4.1\",\"resolution\":\"/Users/maxchen/Projects/SecretSanta/functions/node_modules/firebase-admin/lib/index.js\"}"}}
[debug] [2020-12-09T09:21:16.469Z] [runtime-status] [15542] Resolved module firebase-functions {"declared":true,"installed":true,"version":"3.13.0","resolution":"/Users/maxchen/Projects/SecretSanta/functions/node_modules/firebase-functions/lib/index.js"} {"metadata":{"emulator":{"name":"functions"},"message":"[runtime-status] [15542] Resolved module firebase-functions {\"declared\":true,\"installed\":true,\"version\":\"3.13.0\",\"resolution\":\"/Users/maxchen/Projects/SecretSanta/functions/node_modules/firebase-functions/lib/index.js\"}"}}
[debug] [2020-12-09T09:21:16.469Z] [runtime-status] [15542] Resolved module firebase-functions {"declared":true,"installed":true,"version":"3.13.0","resolution":"/Users/maxchen/Projects/SecretSanta/functions/node_modules/firebase-functions/lib/index.js"} {"metadata":{"emulator":{"name":"functions"},"message":"[runtime-status] [15542] Resolved module firebase-functions {\"declared\":true,\"installed\":true,\"version\":\"3.13.0\",\"resolution\":\"/Users/maxchen/Projects/SecretSanta/functions/node_modules/firebase-functions/lib/index.js\"}"}}
[debug] [2020-12-09T09:21:16.472Z] [runtime-status] [15542] Outgoing network have been stubbed. [{"name":"http","status":"mocked"},{"name":"http","status":"mocked"},{"name":"https","status":"mocked"},{"name":"https","status":"mocked"},{"name":"net","status":"mocked"}] {"metadata":{"emulator":{"name":"functions"},"message":"[runtime-status] [15542] Outgoing network have been stubbed. [{\"name\":\"http\",\"status\":\"mocked\"},{\"name\":\"http\",\"status\":\"mocked\"},{\"name\":\"https\",\"status\":\"mocked\"},{\"name\":\"https\",\"status\":\"mocked\"},{\"name\":\"net\",\"status\":\"mocked\"}]"}}
[debug] [2020-12-09T09:21:16.472Z] [runtime-status] [15542] Resolved module firebase-functions {"declared":true,"installed":true,"version":"3.13.0","resolution":"/Users/maxchen/Projects/SecretSanta/functions/node_modules/firebase-functions/lib/index.js"} {"metadata":{"emulator":{"name":"functions"},"message":"[runtime-status] [15542] Resolved module firebase-functions {\"declared\":true,\"installed\":true,\"version\":\"3.13.0\",\"resolution\":\"/Users/maxchen/Projects/SecretSanta/functions/node_modules/firebase-functions/lib/index.js\"}"}}
[debug] [2020-12-09T09:21:16.528Z] [runtime-status] [15542] Checked functions.config() {"config":{}} {"metadata":{"emulator":{"name":"functions"},"message":"[runtime-status] [15542] Checked functions.config() {\"config\":{}}"}}
[debug] [2020-12-09T09:21:16.528Z] [runtime-status] [15542] firebase-functions has been stubbed. {"functionsResolution":{"declared":true,"installed":true,"version":"3.13.0","resolution":"/Users/maxchen/Projects/SecretSanta/functions/node_modules/firebase-functions/lib/index.js"}} {"metadata":{"emulator":{"name":"functions"},"message":"[runtime-status] [15542] firebase-functions has been stubbed. {\"functionsResolution\":{\"declared\":true,\"installed\":true,\"version\":\"3.13.0\",\"resolution\":\"/Users/maxchen/Projects/SecretSanta/functions/node_modules/firebase-functions/lib/index.js\"}}"}}
[debug] [2020-12-09T09:21:16.528Z] [runtime-status] [15542] Resolved module firebase-functions {"declared":true,"installed":true,"version":"3.13.0","resolution":"/Users/maxchen/Projects/SecretSanta/functions/node_modules/firebase-functions/lib/index.js"} {"metadata":{"emulator":{"name":"functions"},"message":"[runtime-status] [15542] Resolved module firebase-functions {\"declared\":true,\"installed\":true,\"version\":\"3.13.0\",\"resolution\":\"/Users/maxchen/Projects/SecretSanta/functions/node_modules/firebase-functions/lib/index.js\"}"}}
[debug] [2020-12-09T09:21:16.529Z] [runtime-status] [15542] Resolved module firebase-admin {"declared":true,"installed":true,"version":"9.4.1","resolution":"/Users/maxchen/Projects/SecretSanta/functions/node_modules/firebase-admin/lib/index.js"} {"metadata":{"emulator":{"name":"functions"},"message":"[runtime-status] [15542] Resolved module firebase-admin {\"declared\":true,\"installed\":true,\"version\":\"9.4.1\",\"resolution\":\"/Users/maxchen/Projects/SecretSanta/functions/node_modules/firebase-admin/lib/index.js\"}"}}
[debug] [2020-12-09T09:21:16.530Z] [runtime-status] [15542] Resolved module firebase-functions {"declared":true,"installed":true,"version":"3.13.0","resolution":"/Users/maxchen/Projects/SecretSanta/functions/node_modules/firebase-functions/lib/index.js"} {"metadata":{"emulator":{"name":"functions"},"message":"[runtime-status] [15542] Resolved module firebase-functions {\"declared\":true,\"installed\":true,\"version\":\"3.13.0\",\"resolution\":\"/Users/maxchen/Projects/SecretSanta/functions/node_modules/firebase-functions/lib/index.js\"}"}}
[debug] [2020-12-09T09:21:16.530Z] [runtime-status] [15542] firebase-admin has been stubbed. {"adminResolution":{"declared":true,"installed":true,"version":"9.4.1","resolution":"/Users/maxchen/Projects/SecretSanta/functions/node_modules/firebase-admin/lib/index.js"}} {"metadata":{"emulator":{"name":"functions"},"message":"[runtime-status] [15542] firebase-admin has been stubbed. {\"adminResolution\":{\"declared\":true,\"installed\":true,\"version\":\"9.4.1\",\"resolution\":\"/Users/maxchen/Projects/SecretSanta/functions/node_modules/firebase-admin/lib/index.js\"}}"}}
[warn] ⚠  Error: Cannot find module '/Users/maxchen/Projects/SecretSanta/functions/lib/index.js'. Please verify that the package.json has a valid "main" entry
    at tryPackage (internal/modules/cjs/loader.js:321:19)
    at Function.Module._findPath (internal/modules/cjs/loader.js:682:18)
    at Function.Module._resolveFilename (internal/modules/cjs/loader.js:952:27)
    at Function.Module._load (internal/modules/cjs/loader.js:841:27)
    at Module.require (internal/modules/cjs/loader.js:1025:19)
    at require (internal/modules/cjs/helpers.js:72:18)
    at /Users/maxchen/.nvm/versions/node/v12.18.3/lib/node_modules/firebase-tools/lib/emulator/functionsEmulatorRuntime.js:706:33
    at Generator.next (<anonymous>)
    at fulfilled (/Users/maxchen/.nvm/versions/node/v12.18.3/lib/node_modules/firebase-tools/lib/emulator/functionsEmulatorRuntime.js:5:58)
    at processTicksAndRejections (internal/process/task_queues.js:97:5) {"metadata":{"emulator":{"name":"functions"},"message":"Error: Cannot find module '/Users/maxchen/Projects/SecretSanta/functions/lib/index.js'. Please verify that the package.json has a valid \"main\" entry\n    at tryPackage (internal/modules/cjs/loader.js:321:19)\n    at Function.Module._findPath (internal/modules/cjs/loader.js:682:18)\n    at Function.Module._resolveFilename (internal/modules/cjs/loader.js:952:27)\n    at Function.Module._load (internal/modules/cjs/loader.js:841:27)\n    at Module.require (internal/modules/cjs/loader.js:1025:19)\n    at require (internal/modules/cjs/helpers.js:72:18)\n    at /Users/maxchen/.nvm/versions/node/v12.18.3/lib/node_modules/firebase-tools/lib/emulator/functionsEmulatorRuntime.js:706:33\n    at Generator.next (<anonymous>)\n    at fulfilled (/Users/maxchen/.nvm/versions/node/v12.18.3/lib/node_modules/firebase-tools/lib/emulator/functionsEmulatorRuntime.js:5:58)\n    at processTicksAndRejections (internal/process/task_queues.js:97:5)"}}
[warn] ⚠  We were unable to load your functions code. (see above)
   - It appears your code is written in Typescript, which must be compiled before emulation.
   - You may be able to run "npm run build" in your functions directory to resolve this. {"metadata":{"emulator":{"name":"functions"}}}
[debug] [2020-12-09T09:21:16.548Z] [worker-~diagnostic~-a391de95-422d-4948-8c38-7ba8b6639012]: exited {"metadata":{"emulator":{"name":"functions"},"message":"[worker-~diagnostic~-a391de95-422d-4948-8c38-7ba8b6639012]: exited"}}
[debug] [2020-12-09T09:21:16.548Z] [worker-~diagnostic~-a391de95-422d-4948-8c38-7ba8b6639012]: FINISHED {"metadata":{"emulator":{"name":"functions"},"message":"[worker-~diagnostic~-a391de95-422d-4948-8c38-7ba8b6639012]: FINISHED"}}
[debug] [2020-12-09T09:23:57.642Z] ----------------------------------------------------------------------
[debug] [2020-12-09T09:23:57.643Z] Command:       /Users/maxchen/.nvm/versions/node/v12.18.3/bin/node /Users/maxchen/.nvm/versions/node/v12.18.3/bin/firebase serve
[debug] [2020-12-09T09:23:57.643Z] CLI Version:   8.16.2
[debug] [2020-12-09T09:23:57.643Z] Platform:      darwin
[debug] [2020-12-09T09:23:57.643Z] Node Version:  v12.18.3
[debug] [2020-12-09T09:23:57.644Z] Time:          Wed Dec 09 2020 17:23:57 GMT+0800 (Taipei Standard Time)
[debug] [2020-12-09T09:23:57.644Z] ----------------------------------------------------------------------
[debug] [2020-12-09T09:23:57.644Z] 
[debug] [2020-12-09T09:23:57.648Z] > command requires scopes: ["email","openid","https://www.googleapis.com/auth/cloudplatformprojects.readonly","https://www.googleapis.com/auth/firebase","https://www.googleapis.com/auth/cloud-platform"]
[debug] [2020-12-09T09:23:57.649Z] > authorizing via signed-in user
[debug] [2020-12-09T09:23:57.649Z] [iam] checking project secret-santa-gen for permissions ["firebase.projects.get"]
[debug] [2020-12-09T09:23:57.651Z] >>> HTTP REQUEST POST https://cloudresourcemanager.googleapis.com/v1/projects/secret-santa-gen:testIamPermissions  
 {"permissions":["firebase.projects.get"]}
[debug] [2020-12-09T09:23:58.496Z] <<< HTTP RESPONSE 200 {"content-type":"application/json; charset=UTF-8","vary":"X-Origin, Referer, Origin,Accept-Encoding","date":"Wed, 09 Dec 2020 09:23:58 GMT","server":"ESF","cache-control":"private","x-xss-protection":"0","x-frame-options":"SAMEORIGIN","x-content-type-options":"nosniff","server-timing":"gfet4t7; dur=747","alt-svc":"h3-29=\":443\"; ma=2592000,h3-T051=\":443\"; ma=2592000,h3-Q050=\":443\"; ma=2592000,h3-Q046=\":443\"; ma=2592000,h3-Q043=\":443\"; ma=2592000,quic=\":443\"; ma=2592000; v=\"46,43\"","accept-ranges":"none","transfer-encoding":"chunked"}
[debug] [2020-12-09T09:23:58.498Z] >>> HTTP REQUEST GET https://firebase.googleapis.com/v1beta1/projects/secret-santa-gen  
 
[debug] [2020-12-09T09:23:58.735Z] <<< HTTP RESPONSE 200 {"content-type":"application/json; charset=UTF-8","vary":"X-Origin, Referer, Origin,Accept-Encoding","date":"Wed, 09 Dec 2020 09:23:58 GMT","server":"ESF","cache-control":"private","x-xss-protection":"0","x-frame-options":"SAMEORIGIN","x-content-type-options":"nosniff","alt-svc":"h3-29=\":443\"; ma=2592000,h3-T051=\":443\"; ma=2592000,h3-Q050=\":443\"; ma=2592000,h3-Q046=\":443\"; ma=2592000,h3-Q043=\":443\"; ma=2592000,quic=\":443\"; ma=2592000; v=\"46,43\"","accept-ranges":"none","transfer-encoding":"chunked"}
[info] 
[info] === Serving from '/Users/maxchen/Projects/SecretSanta'...
[info] 
[debug] [2020-12-09T09:23:58.738Z] >>> HTTP REQUEST GET https://firebase.googleapis.com/v1beta1/projects/secret-santa-gen/webApps/-/config  
 
[info] ✔  functions: Using node@12 from host. {"metadata":{"emulator":{"name":"functions"},"message":"Using node@12 from host."}}
[debug] [2020-12-09T09:23:58.749Z] defaultcredentials: writing to file /Users/maxchen/.config/firebase/maxchen_sihhan_gmail.com_application_default_credentials.json
[debug] [2020-12-09T09:23:58.750Z] Setting GAC to /Users/maxchen/.config/firebase/maxchen_sihhan_gmail.com_application_default_credentials.json {"metadata":{"emulator":{"name":"functions"},"message":"Setting GAC to /Users/maxchen/.config/firebase/maxchen_sihhan_gmail.com_application_default_credentials.json"}}
[debug] [2020-12-09T09:23:59.933Z] <<< HTTP RESPONSE 200 {"content-type":"application/json; charset=UTF-8","vary":"X-Origin, Referer, Origin,Accept-Encoding","date":"Wed, 09 Dec 2020 09:23:59 GMT","server":"ESF","cache-control":"private","x-xss-protection":"0","x-frame-options":"SAMEORIGIN","x-content-type-options":"nosniff","alt-svc":"h3-29=\":443\"; ma=2592000,h3-T051=\":443\"; ma=2592000,h3-Q050=\":443\"; ma=2592000,h3-Q046=\":443\"; ma=2592000,h3-Q043=\":443\"; ma=2592000,quic=\":443\"; ma=2592000; v=\"46,43\"","accept-ranges":"none","transfer-encoding":"chunked"}
[info] i  functions: Watching "/Users/maxchen/Projects/SecretSanta/functions" for Cloud Functions... {"metadata":{"emulator":{"name":"functions"},"message":"Watching \"/Users/maxchen/Projects/SecretSanta/functions\" for Cloud Functions..."}}
[debug] [2020-12-09T09:23:59.964Z] [worker-pool] addWorker(~diagnostic~) {"metadata":{"emulator":{"name":"functions"},"message":"[worker-pool] addWorker(~diagnostic~)"}}
[debug] [2020-12-09T09:23:59.964Z] [worker-pool] Adding worker with key ~diagnostic~, total=1 {"metadata":{"emulator":{"name":"functions"},"message":"[worker-pool] Adding worker with key ~diagnostic~, total=1"}}
[debug] [2020-12-09T09:23:59.965Z] [worker-pool] submitWork(triggerId=) {"metadata":{"emulator":{"name":"functions"},"message":"[worker-pool] submitWork(triggerId=)"}}
[debug] [2020-12-09T09:23:59.965Z] [worker-~diagnostic~-02b5b514-b648-4dcf-9cd6-63bc153e761d]: Assigning socketPath: /var/folders/kq/f2ty9_kx3hj215bh26vqht0c0000gn/T/fire_emu_15615.sock {"metadata":{"emulator":{"name":"functions"},"message":"[worker-~diagnostic~-02b5b514-b648-4dcf-9cd6-63bc153e761d]: Assigning socketPath: /var/folders/kq/f2ty9_kx3hj215bh26vqht0c0000gn/T/fire_emu_15615.sock"}}
[debug] [2020-12-09T09:23:59.965Z] [worker-~diagnostic~-02b5b514-b648-4dcf-9cd6-63bc153e761d]: BUSY {"metadata":{"emulator":{"name":"functions"},"message":"[worker-~diagnostic~-02b5b514-b648-4dcf-9cd6-63bc153e761d]: BUSY"}}
[info] i  hosting: Serving hosting files from: dist/SecretSanta {"metadata":{"emulator":{"name":"hosting"},"message":"Serving hosting files from: \u001b[1mdist/SecretSanta\u001b[22m"}}
[info] ✔  hosting: Local server: http://localhost:5000 {"metadata":{"emulator":{"name":"hosting"},"message":"Local server: \u001b[4m\u001b[1mhttp://localhost:5000\u001b[22m\u001b[24m"}}
[debug] [2020-12-09T09:24:00.178Z] [runtime-status] [15615] Functions runtime initialized. {"cwd":"/Users/maxchen/Projects/SecretSanta/functions","node_version":"12.18.3"} {"metadata":{"emulator":{"name":"functions"},"message":"[runtime-status] [15615] Functions runtime initialized. {\"cwd\":\"/Users/maxchen/Projects/SecretSanta/functions\",\"node_version\":\"12.18.3\"}"}}
[debug] [2020-12-09T09:24:00.179Z] [runtime-status] [15615] Disabled runtime features: undefined {"metadata":{"emulator":{"name":"functions"},"message":"[runtime-status] [15615] Disabled runtime features: undefined"}}
[debug] [2020-12-09T09:24:00.181Z] [runtime-status] [15615] Resolved module firebase-admin {"declared":true,"installed":true,"version":"9.4.1","resolution":"/Users/maxchen/Projects/SecretSanta/functions/node_modules/firebase-admin/lib/index.js"} {"metadata":{"emulator":{"name":"functions"},"message":"[runtime-status] [15615] Resolved module firebase-admin {\"declared\":true,\"installed\":true,\"version\":\"9.4.1\",\"resolution\":\"/Users/maxchen/Projects/SecretSanta/functions/node_modules/firebase-admin/lib/index.js\"}"}}
[debug] [2020-12-09T09:24:00.182Z] [runtime-status] [15615] Resolved module firebase-functions {"declared":true,"installed":true,"version":"3.13.0","resolution":"/Users/maxchen/Projects/SecretSanta/functions/node_modules/firebase-functions/lib/index.js"} {"metadata":{"emulator":{"name":"functions"},"message":"[runtime-status] [15615] Resolved module firebase-functions {\"declared\":true,\"installed\":true,\"version\":\"3.13.0\",\"resolution\":\"/Users/maxchen/Projects/SecretSanta/functions/node_modules/firebase-functions/lib/index.js\"}"}}
[debug] [2020-12-09T09:24:00.182Z] [runtime-status] [15615] Resolved module firebase-functions {"declared":true,"installed":true,"version":"3.13.0","resolution":"/Users/maxchen/Projects/SecretSanta/functions/node_modules/firebase-functions/lib/index.js"} {"metadata":{"emulator":{"name":"functions"},"message":"[runtime-status] [15615] Resolved module firebase-functions {\"declared\":true,\"installed\":true,\"version\":\"3.13.0\",\"resolution\":\"/Users/maxchen/Projects/SecretSanta/functions/node_modules/firebase-functions/lib/index.js\"}"}}
[debug] [2020-12-09T09:24:00.184Z] [runtime-status] [15615] Outgoing network have been stubbed. [{"name":"http","status":"mocked"},{"name":"http","status":"mocked"},{"name":"https","status":"mocked"},{"name":"https","status":"mocked"},{"name":"net","status":"mocked"}] {"metadata":{"emulator":{"name":"functions"},"message":"[runtime-status] [15615] Outgoing network have been stubbed. [{\"name\":\"http\",\"status\":\"mocked\"},{\"name\":\"http\",\"status\":\"mocked\"},{\"name\":\"https\",\"status\":\"mocked\"},{\"name\":\"https\",\"status\":\"mocked\"},{\"name\":\"net\",\"status\":\"mocked\"}]"}}
[debug] [2020-12-09T09:24:00.184Z] [runtime-status] [15615] Resolved module firebase-functions {"declared":true,"installed":true,"version":"3.13.0","resolution":"/Users/maxchen/Projects/SecretSanta/functions/node_modules/firebase-functions/lib/index.js"} {"metadata":{"emulator":{"name":"functions"},"message":"[runtime-status] [15615] Resolved module firebase-functions {\"declared\":true,\"installed\":true,\"version\":\"3.13.0\",\"resolution\":\"/Users/maxchen/Projects/SecretSanta/functions/node_modules/firebase-functions/lib/index.js\"}"}}
[debug] [2020-12-09T09:24:00.209Z] [runtime-status] [15615] Checked functions.config() {"config":{}} {"metadata":{"emulator":{"name":"functions"},"message":"[runtime-status] [15615] Checked functions.config() {\"config\":{}}"}}
[debug] [2020-12-09T09:24:00.209Z] [runtime-status] [15615] firebase-functions has been stubbed. {"functionsResolution":{"declared":true,"installed":true,"version":"3.13.0","resolution":"/Users/maxchen/Projects/SecretSanta/functions/node_modules/firebase-functions/lib/index.js"}} {"metadata":{"emulator":{"name":"functions"},"message":"[runtime-status] [15615] firebase-functions has been stubbed. {\"functionsResolution\":{\"declared\":true,\"installed\":true,\"version\":\"3.13.0\",\"resolution\":\"/Users/maxchen/Projects/SecretSanta/functions/node_modules/firebase-functions/lib/index.js\"}}"}}
[debug] [2020-12-09T09:24:00.209Z] [runtime-status] [15615] Resolved module firebase-functions {"declared":true,"installed":true,"version":"3.13.0","resolution":"/Users/maxchen/Projects/SecretSanta/functions/node_modules/firebase-functions/lib/index.js"} {"metadata":{"emulator":{"name":"functions"},"message":"[runtime-status] [15615] Resolved module firebase-functions {\"declared\":true,\"installed\":true,\"version\":\"3.13.0\",\"resolution\":\"/Users/maxchen/Projects/SecretSanta/functions/node_modules/firebase-functions/lib/index.js\"}"}}
[debug] [2020-12-09T09:24:00.210Z] [runtime-status] [15615] Resolved module firebase-admin {"declared":true,"installed":true,"version":"9.4.1","resolution":"/Users/maxchen/Projects/SecretSanta/functions/node_modules/firebase-admin/lib/index.js"} {"metadata":{"emulator":{"name":"functions"},"message":"[runtime-status] [15615] Resolved module firebase-admin {\"declared\":true,\"installed\":true,\"version\":\"9.4.1\",\"resolution\":\"/Users/maxchen/Projects/SecretSanta/functions/node_modules/firebase-admin/lib/index.js\"}"}}
[debug] [2020-12-09T09:24:00.210Z] [runtime-status] [15615] Resolved module firebase-functions {"declared":true,"installed":true,"version":"3.13.0","resolution":"/Users/maxchen/Projects/SecretSanta/functions/node_modules/firebase-functions/lib/index.js"} {"metadata":{"emulator":{"name":"functions"},"message":"[runtime-status] [15615] Resolved module firebase-functions {\"declared\":true,\"installed\":true,\"version\":\"3.13.0\",\"resolution\":\"/Users/maxchen/Projects/SecretSanta/functions/node_modules/firebase-functions/lib/index.js\"}"}}
[debug] [2020-12-09T09:24:00.210Z] [runtime-status] [15615] firebase-admin has been stubbed. {"adminResolution":{"declared":true,"installed":true,"version":"9.4.1","resolution":"/Users/maxchen/Projects/SecretSanta/functions/node_modules/firebase-admin/lib/index.js"}} {"metadata":{"emulator":{"name":"functions"},"message":"[runtime-status] [15615] firebase-admin has been stubbed. {\"adminResolution\":{\"declared\":true,\"installed\":true,\"version\":\"9.4.1\",\"resolution\":\"/Users/maxchen/Projects/SecretSanta/functions/node_modules/firebase-admin/lib/index.js\"}}"}}
[warn] ⚠  Error: Cannot find module '/Users/maxchen/Projects/SecretSanta/functions/lib/index.js'. Please verify that the package.json has a valid "main" entry
    at tryPackage (internal/modules/cjs/loader.js:321:19)
    at Function.Module._findPath (internal/modules/cjs/loader.js:682:18)
    at Function.Module._resolveFilename (internal/modules/cjs/loader.js:952:27)
    at Function.Module._load (internal/modules/cjs/loader.js:841:27)
    at Module.require (internal/modules/cjs/loader.js:1025:19)
    at require (internal/modules/cjs/helpers.js:72:18)
    at /Users/maxchen/.nvm/versions/node/v12.18.3/lib/node_modules/firebase-tools/lib/emulator/functionsEmulatorRuntime.js:706:33
    at Generator.next (<anonymous>)
    at fulfilled (/Users/maxchen/.nvm/versions/node/v12.18.3/lib/node_modules/firebase-tools/lib/emulator/functionsEmulatorRuntime.js:5:58)
    at processTicksAndRejections (internal/process/task_queues.js:97:5) {"metadata":{"emulator":{"name":"functions"},"message":"Error: Cannot find module '/Users/maxchen/Projects/SecretSanta/functions/lib/index.js'. Please verify that the package.json has a valid \"main\" entry\n    at tryPackage (internal/modules/cjs/loader.js:321:19)\n    at Function.Module._findPath (internal/modules/cjs/loader.js:682:18)\n    at Function.Module._resolveFilename (internal/modules/cjs/loader.js:952:27)\n    at Function.Module._load (internal/modules/cjs/loader.js:841:27)\n    at Module.require (internal/modules/cjs/loader.js:1025:19)\n    at require (internal/modules/cjs/helpers.js:72:18)\n    at /Users/maxchen/.nvm/versions/node/v12.18.3/lib/node_modules/firebase-tools/lib/emulator/functionsEmulatorRuntime.js:706:33\n    at Generator.next (<anonymous>)\n    at fulfilled (/Users/maxchen/.nvm/versions/node/v12.18.3/lib/node_modules/firebase-tools/lib/emulator/functionsEmulatorRuntime.js:5:58)\n    at processTicksAndRejections (internal/process/task_queues.js:97:5)"}}
[warn] ⚠  We were unable to load your functions code. (see above)
   - It appears your code is written in Typescript, which must be compiled before emulation.
   - You may be able to run "npm run build" in your functions directory to resolve this. {"metadata":{"emulator":{"name":"functions"}}}
[debug] [2020-12-09T09:24:00.227Z] [worker-~diagnostic~-02b5b514-b648-4dcf-9cd6-63bc153e761d]: exited {"metadata":{"emulator":{"name":"functions"},"message":"[worker-~diagnostic~-02b5b514-b648-4dcf-9cd6-63bc153e761d]: exited"}}
[debug] [2020-12-09T09:24:00.227Z] [worker-~diagnostic~-02b5b514-b648-4dcf-9cd6-63bc153e761d]: FINISHED {"metadata":{"emulator":{"name":"functions"},"message":"[worker-~diagnostic~-02b5b514-b648-4dcf-9cd6-63bc153e761d]: FINISHED"}}
[debug] [2020-12-09T09:27:25.592Z] ----------------------------------------------------------------------
[debug] [2020-12-09T09:27:25.593Z] Command:       /Users/maxchen/.nvm/versions/node/v12.18.3/bin/node /Users/maxchen/.nvm/versions/node/v12.18.3/bin/firebase serve
[debug] [2020-12-09T09:27:25.593Z] CLI Version:   8.16.2
[debug] [2020-12-09T09:27:25.593Z] Platform:      darwin
[debug] [2020-12-09T09:27:25.593Z] Node Version:  v12.18.3
[debug] [2020-12-09T09:27:25.594Z] Time:          Wed Dec 09 2020 17:27:25 GMT+0800 (Taipei Standard Time)
[debug] [2020-12-09T09:27:25.594Z] ----------------------------------------------------------------------
[debug] [2020-12-09T09:27:25.594Z] 
[debug] [2020-12-09T09:27:25.598Z] > command requires scopes: ["email","openid","https://www.googleapis.com/auth/cloudplatformprojects.readonly","https://www.googleapis.com/auth/firebase","https://www.googleapis.com/auth/cloud-platform"]
[debug] [2020-12-09T09:27:25.599Z] > authorizing via signed-in user
[debug] [2020-12-09T09:27:25.599Z] [iam] checking project secret-santa-gen for permissions ["firebase.projects.get"]
[debug] [2020-12-09T09:27:25.601Z] >>> HTTP REQUEST POST https://cloudresourcemanager.googleapis.com/v1/projects/secret-santa-gen:testIamPermissions  
 {"permissions":["firebase.projects.get"]}
[debug] [2020-12-09T09:27:26.445Z] <<< HTTP RESPONSE 200 {"content-type":"application/json; charset=UTF-8","vary":"X-Origin, Referer, Origin,Accept-Encoding","date":"Wed, 09 Dec 2020 09:27:26 GMT","server":"ESF","cache-control":"private","x-xss-protection":"0","x-frame-options":"SAMEORIGIN","x-content-type-options":"nosniff","server-timing":"gfet4t7; dur=744","alt-svc":"h3-29=\":443\"; ma=2592000,h3-T051=\":443\"; ma=2592000,h3-Q050=\":443\"; ma=2592000,h3-Q046=\":443\"; ma=2592000,h3-Q043=\":443\"; ma=2592000,quic=\":443\"; ma=2592000; v=\"46,43\"","accept-ranges":"none","transfer-encoding":"chunked"}
[debug] [2020-12-09T09:27:26.446Z] >>> HTTP REQUEST GET https://firebase.googleapis.com/v1beta1/projects/secret-santa-gen  
 
[debug] [2020-12-09T09:27:26.752Z] <<< HTTP RESPONSE 200 {"content-type":"application/json; charset=UTF-8","vary":"X-Origin, Referer, Origin,Accept-Encoding","date":"Wed, 09 Dec 2020 09:27:26 GMT","server":"ESF","cache-control":"private","x-xss-protection":"0","x-frame-options":"SAMEORIGIN","x-content-type-options":"nosniff","alt-svc":"h3-29=\":443\"; ma=2592000,h3-T051=\":443\"; ma=2592000,h3-Q050=\":443\"; ma=2592000,h3-Q046=\":443\"; ma=2592000,h3-Q043=\":443\"; ma=2592000,quic=\":443\"; ma=2592000; v=\"46,43\"","accept-ranges":"none","transfer-encoding":"chunked"}
[info] 
[info] === Serving from '/Users/maxchen/Projects/SecretSanta'...
[info] 
[debug] [2020-12-09T09:27:26.757Z] >>> HTTP REQUEST GET https://firebase.googleapis.com/v1beta1/projects/secret-santa-gen/webApps/-/config  
 
[info] ✔  functions: Using node@12 from host. {"metadata":{"emulator":{"name":"functions"},"message":"Using node@12 from host."}}
[debug] [2020-12-09T09:27:26.768Z] defaultcredentials: writing to file /Users/maxchen/.config/firebase/maxchen_sihhan_gmail.com_application_default_credentials.json
[debug] [2020-12-09T09:27:26.770Z] Setting GAC to /Users/maxchen/.config/firebase/maxchen_sihhan_gmail.com_application_default_credentials.json {"metadata":{"emulator":{"name":"functions"},"message":"Setting GAC to /Users/maxchen/.config/firebase/maxchen_sihhan_gmail.com_application_default_credentials.json"}}
[debug] [2020-12-09T09:27:28.084Z] <<< HTTP RESPONSE 200 {"content-type":"application/json; charset=UTF-8","vary":"X-Origin, Referer, Origin,Accept-Encoding","date":"Wed, 09 Dec 2020 09:27:27 GMT","server":"ESF","cache-control":"private","x-xss-protection":"0","x-frame-options":"SAMEORIGIN","x-content-type-options":"nosniff","alt-svc":"h3-29=\":443\"; ma=2592000,h3-T051=\":443\"; ma=2592000,h3-Q050=\":443\"; ma=2592000,h3-Q046=\":443\"; ma=2592000,h3-Q043=\":443\"; ma=2592000,quic=\":443\"; ma=2592000; v=\"46,43\"","accept-ranges":"none","transfer-encoding":"chunked"}
[info] i  functions: Watching "/Users/maxchen/Projects/SecretSanta/functions" for Cloud Functions... {"metadata":{"emulator":{"name":"functions"},"message":"Watching \"/Users/maxchen/Projects/SecretSanta/functions\" for Cloud Functions..."}}
[debug] [2020-12-09T09:27:28.119Z] [worker-pool] addWorker(~diagnostic~) {"metadata":{"emulator":{"name":"functions"},"message":"[worker-pool] addWorker(~diagnostic~)"}}
[debug] [2020-12-09T09:27:28.119Z] [worker-pool] Adding worker with key ~diagnostic~, total=1 {"metadata":{"emulator":{"name":"functions"},"message":"[worker-pool] Adding worker with key ~diagnostic~, total=1"}}
[debug] [2020-12-09T09:27:28.119Z] [worker-pool] submitWork(triggerId=) {"metadata":{"emulator":{"name":"functions"},"message":"[worker-pool] submitWork(triggerId=)"}}
[debug] [2020-12-09T09:27:28.120Z] [worker-~diagnostic~-094a253a-c2e9-44d0-818a-9916a02b3882]: Assigning socketPath: /var/folders/kq/f2ty9_kx3hj215bh26vqht0c0000gn/T/fire_emu_15712.sock {"metadata":{"emulator":{"name":"functions"},"message":"[worker-~diagnostic~-094a253a-c2e9-44d0-818a-9916a02b3882]: Assigning socketPath: /var/folders/kq/f2ty9_kx3hj215bh26vqht0c0000gn/T/fire_emu_15712.sock"}}
[debug] [2020-12-09T09:27:28.120Z] [worker-~diagnostic~-094a253a-c2e9-44d0-818a-9916a02b3882]: BUSY {"metadata":{"emulator":{"name":"functions"},"message":"[worker-~diagnostic~-094a253a-c2e9-44d0-818a-9916a02b3882]: BUSY"}}
[info] i  hosting: Serving hosting files from: dist/SecretSanta {"metadata":{"emulator":{"name":"hosting"},"message":"Serving hosting files from: \u001b[1mdist/SecretSanta\u001b[22m"}}
[info] ✔  hosting: Local server: http://localhost:5000 {"metadata":{"emulator":{"name":"hosting"},"message":"Local server: \u001b[4m\u001b[1mhttp://localhost:5000\u001b[22m\u001b[24m"}}
[debug] [2020-12-09T09:27:28.329Z] [runtime-status] [15712] Functions runtime initialized. {"cwd":"/Users/maxchen/Projects/SecretSanta/functions","node_version":"12.18.3"} {"metadata":{"emulator":{"name":"functions"},"message":"[runtime-status] [15712] Functions runtime initialized. {\"cwd\":\"/Users/maxchen/Projects/SecretSanta/functions\",\"node_version\":\"12.18.3\"}"}}
[debug] [2020-12-09T09:27:28.330Z] [runtime-status] [15712] Disabled runtime features: undefined {"metadata":{"emulator":{"name":"functions"},"message":"[runtime-status] [15712] Disabled runtime features: undefined"}}
[debug] [2020-12-09T09:27:28.332Z] [runtime-status] [15712] Resolved module firebase-admin {"declared":true,"installed":true,"version":"9.4.1","resolution":"/Users/maxchen/Projects/SecretSanta/functions/node_modules/firebase-admin/lib/index.js"} {"metadata":{"emulator":{"name":"functions"},"message":"[runtime-status] [15712] Resolved module firebase-admin {\"declared\":true,\"installed\":true,\"version\":\"9.4.1\",\"resolution\":\"/Users/maxchen/Projects/SecretSanta/functions/node_modules/firebase-admin/lib/index.js\"}"}}
[debug] [2020-12-09T09:27:28.333Z] [runtime-status] [15712] Resolved module firebase-functions {"declared":true,"installed":true,"version":"3.13.0","resolution":"/Users/maxchen/Projects/SecretSanta/functions/node_modules/firebase-functions/lib/index.js"} {"metadata":{"emulator":{"name":"functions"},"message":"[runtime-status] [15712] Resolved module firebase-functions {\"declared\":true,\"installed\":true,\"version\":\"3.13.0\",\"resolution\":\"/Users/maxchen/Projects/SecretSanta/functions/node_modules/firebase-functions/lib/index.js\"}"}}
[debug] [2020-12-09T09:27:28.334Z] [runtime-status] [15712] Resolved module firebase-functions {"declared":true,"installed":true,"version":"3.13.0","resolution":"/Users/maxchen/Projects/SecretSanta/functions/node_modules/firebase-functions/lib/index.js"} {"metadata":{"emulator":{"name":"functions"},"message":"[runtime-status] [15712] Resolved module firebase-functions {\"declared\":true,\"installed\":true,\"version\":\"3.13.0\",\"resolution\":\"/Users/maxchen/Projects/SecretSanta/functions/node_modules/firebase-functions/lib/index.js\"}"}}
[debug] [2020-12-09T09:27:28.336Z] [runtime-status] [15712] Outgoing network have been stubbed. [{"name":"http","status":"mocked"},{"name":"http","status":"mocked"},{"name":"https","status":"mocked"},{"name":"https","status":"mocked"},{"name":"net","status":"mocked"}] {"metadata":{"emulator":{"name":"functions"},"message":"[runtime-status] [15712] Outgoing network have been stubbed. [{\"name\":\"http\",\"status\":\"mocked\"},{\"name\":\"http\",\"status\":\"mocked\"},{\"name\":\"https\",\"status\":\"mocked\"},{\"name\":\"https\",\"status\":\"mocked\"},{\"name\":\"net\",\"status\":\"mocked\"}]"}}
[debug] [2020-12-09T09:27:28.337Z] [runtime-status] [15712] Resolved module firebase-functions {"declared":true,"installed":true,"version":"3.13.0","resolution":"/Users/maxchen/Projects/SecretSanta/functions/node_modules/firebase-functions/lib/index.js"} {"metadata":{"emulator":{"name":"functions"},"message":"[runtime-status] [15712] Resolved module firebase-functions {\"declared\":true,\"installed\":true,\"version\":\"3.13.0\",\"resolution\":\"/Users/maxchen/Projects/SecretSanta/functions/node_modules/firebase-functions/lib/index.js\"}"}}
[debug] [2020-12-09T09:27:28.373Z] [runtime-status] [15712] Checked functions.config() {"config":{}} {"metadata":{"emulator":{"name":"functions"},"message":"[runtime-status] [15712] Checked functions.config() {\"config\":{}}"}}
[debug] [2020-12-09T09:27:28.374Z] [runtime-status] [15712] firebase-functions has been stubbed. {"functionsResolution":{"declared":true,"installed":true,"version":"3.13.0","resolution":"/Users/maxchen/Projects/SecretSanta/functions/node_modules/firebase-functions/lib/index.js"}} {"metadata":{"emulator":{"name":"functions"},"message":"[runtime-status] [15712] firebase-functions has been stubbed. {\"functionsResolution\":{\"declared\":true,\"installed\":true,\"version\":\"3.13.0\",\"resolution\":\"/Users/maxchen/Projects/SecretSanta/functions/node_modules/firebase-functions/lib/index.js\"}}"}}
[debug] [2020-12-09T09:27:28.374Z] [runtime-status] [15712] Resolved module firebase-functions {"declared":true,"installed":true,"version":"3.13.0","resolution":"/Users/maxchen/Projects/SecretSanta/functions/node_modules/firebase-functions/lib/index.js"} {"metadata":{"emulator":{"name":"functions"},"message":"[runtime-status] [15712] Resolved module firebase-functions {\"declared\":true,\"installed\":true,\"version\":\"3.13.0\",\"resolution\":\"/Users/maxchen/Projects/SecretSanta/functions/node_modules/firebase-functions/lib/index.js\"}"}}
[debug] [2020-12-09T09:27:28.375Z] [runtime-status] [15712] Resolved module firebase-admin {"declared":true,"installed":true,"version":"9.4.1","resolution":"/Users/maxchen/Projects/SecretSanta/functions/node_modules/firebase-admin/lib/index.js"} {"metadata":{"emulator":{"name":"functions"},"message":"[runtime-status] [15712] Resolved module firebase-admin {\"declared\":true,\"installed\":true,\"version\":\"9.4.1\",\"resolution\":\"/Users/maxchen/Projects/SecretSanta/functions/node_modules/firebase-admin/lib/index.js\"}"}}
[debug] [2020-12-09T09:27:28.375Z] [runtime-status] [15712] Resolved module firebase-functions {"declared":true,"installed":true,"version":"3.13.0","resolution":"/Users/maxchen/Projects/SecretSanta/functions/node_modules/firebase-functions/lib/index.js"} {"metadata":{"emulator":{"name":"functions"},"message":"[runtime-status] [15712] Resolved module firebase-functions {\"declared\":true,\"installed\":true,\"version\":\"3.13.0\",\"resolution\":\"/Users/maxchen/Projects/SecretSanta/functions/node_modules/firebase-functions/lib/index.js\"}"}}
[debug] [2020-12-09T09:27:28.375Z] [runtime-status] [15712] firebase-admin has been stubbed. {"adminResolution":{"declared":true,"installed":true,"version":"9.4.1","resolution":"/Users/maxchen/Projects/SecretSanta/functions/node_modules/firebase-admin/lib/index.js"}} {"metadata":{"emulator":{"name":"functions"},"message":"[runtime-status] [15712] firebase-admin has been stubbed. {\"adminResolution\":{\"declared\":true,\"installed\":true,\"version\":\"9.4.1\",\"resolution\":\"/Users/maxchen/Projects/SecretSanta/functions/node_modules/firebase-admin/lib/index.js\"}}"}}
[warn] ⚠  Error: Cannot find module '/Users/maxchen/Projects/SecretSanta/functions/lib/index.js'. Please verify that the package.json has a valid "main" entry
    at tryPackage (internal/modules/cjs/loader.js:321:19)
    at Function.Module._findPath (internal/modules/cjs/loader.js:682:18)
    at Function.Module._resolveFilename (internal/modules/cjs/loader.js:952:27)
    at Function.Module._load (internal/modules/cjs/loader.js:841:27)
    at Module.require (internal/modules/cjs/loader.js:1025:19)
    at require (internal/modules/cjs/helpers.js:72:18)
    at /Users/maxchen/.nvm/versions/node/v12.18.3/lib/node_modules/firebase-tools/lib/emulator/functionsEmulatorRuntime.js:706:33
    at Generator.next (<anonymous>)
    at fulfilled (/Users/maxchen/.nvm/versions/node/v12.18.3/lib/node_modules/firebase-tools/lib/emulator/functionsEmulatorRuntime.js:5:58)
    at processTicksAndRejections (internal/process/task_queues.js:97:5) {"metadata":{"emulator":{"name":"functions"},"message":"Error: Cannot find module '/Users/maxchen/Projects/SecretSanta/functions/lib/index.js'. Please verify that the package.json has a valid \"main\" entry\n    at tryPackage (internal/modules/cjs/loader.js:321:19)\n    at Function.Module._findPath (internal/modules/cjs/loader.js:682:18)\n    at Function.Module._resolveFilename (internal/modules/cjs/loader.js:952:27)\n    at Function.Module._load (internal/modules/cjs/loader.js:841:27)\n    at Module.require (internal/modules/cjs/loader.js:1025:19)\n    at require (internal/modules/cjs/helpers.js:72:18)\n    at /Users/maxchen/.nvm/versions/node/v12.18.3/lib/node_modules/firebase-tools/lib/emulator/functionsEmulatorRuntime.js:706:33\n    at Generator.next (<anonymous>)\n    at fulfilled (/Users/maxchen/.nvm/versions/node/v12.18.3/lib/node_modules/firebase-tools/lib/emulator/functionsEmulatorRuntime.js:5:58)\n    at processTicksAndRejections (internal/process/task_queues.js:97:5)"}}
[warn] ⚠  We were unable to load your functions code. (see above)
   - It appears your code is written in Typescript, which must be compiled before emulation.
   - You may be able to run "npm run build" in your functions directory to resolve this. {"metadata":{"emulator":{"name":"functions"}}}
[debug] [2020-12-09T09:27:28.393Z] [worker-~diagnostic~-094a253a-c2e9-44d0-818a-9916a02b3882]: exited {"metadata":{"emulator":{"name":"functions"},"message":"[worker-~diagnostic~-094a253a-c2e9-44d0-818a-9916a02b3882]: exited"}}
[debug] [2020-12-09T09:27:28.393Z] [worker-~diagnostic~-094a253a-c2e9-44d0-818a-9916a02b3882]: FINISHED {"metadata":{"emulator":{"name":"functions"},"message":"[worker-~diagnostic~-094a253a-c2e9-44d0-818a-9916a02b3882]: FINISHED"}}
